16:40:43.569 [main] INFO  testCases.TC_001_AccountRegistrationTest - *** starting TC_001_AccountRegistrationTest ***
16:40:47.782 [main] INFO  testCases.TC_001_AccountRegistrationTest - Clicked on Myaccount link
16:40:51.325 [main] INFO  testCases.TC_001_AccountRegistrationTest - Clicked on Register link
16:40:51.432 [main] INFO  testCases.TC_001_AccountRegistrationTest - Providing customer data
16:40:56.039 [main] INFO  testCases.TC_001_AccountRegistrationTest - Clicked on continue
16:40:56.224 [main] INFO  testCases.TC_001_AccountRegistrationTest - Validating expected message
16:40:56.275 [main] INFO  testCases.TC_001_AccountRegistrationTest - *** Finished TC_001_AccountRegistrationTest ***
16:49:58.701 [main] DEBUG io.netty.util.internal.logging.InternalLoggerFactory - Using Log4J2 as the default logging framework
16:49:58.967 [main] DEBUG io.netty.util.ResourceLeakDetector - -Dio.netty.leakDetection.level: simple
16:49:58.968 [main] DEBUG io.netty.util.ResourceLeakDetector - -Dio.netty.leakDetection.targetRecords: 4
16:49:59.035 [main] DEBUG io.netty.util.ResourceLeakDetectorFactory - Loaded default ResourceLeakDetector: io.netty.util.ResourceLeakDetector@3935e9a8
16:49:59.090 [main] DEBUG io.netty.util.internal.PlatformDependent0 - -Dio.netty.noUnsafe: false
16:49:59.091 [main] DEBUG io.netty.util.internal.PlatformDependent0 - Java version: 15
16:49:59.093 [main] DEBUG io.netty.util.internal.PlatformDependent0 - sun.misc.Unsafe.theUnsafe: available
16:49:59.095 [main] DEBUG io.netty.util.internal.PlatformDependent0 - sun.misc.Unsafe.copyMemory: available
16:49:59.096 [main] DEBUG io.netty.util.internal.PlatformDependent0 - sun.misc.Unsafe.storeFence: available
16:49:59.098 [main] DEBUG io.netty.util.internal.PlatformDependent0 - java.nio.Buffer.address: available
16:49:59.100 [main] DEBUG io.netty.util.internal.PlatformDependent0 - direct buffer constructor: unavailable: Reflective setAccessible(true) disabled
16:49:59.102 [main] DEBUG io.netty.util.internal.PlatformDependent0 - java.nio.Bits.unaligned: available, true
16:49:59.105 [main] DEBUG io.netty.util.internal.PlatformDependent0 - jdk.internal.misc.Unsafe.allocateUninitializedArray(int): unavailable: class io.netty.util.internal.PlatformDependent0$7 cannot access class jdk.internal.misc.Unsafe (in module java.base) because module java.base does not export jdk.internal.misc to unnamed module @39aa45a1
16:49:59.110 [main] DEBUG io.netty.util.internal.PlatformDependent0 - java.nio.DirectByteBuffer.<init>(long, int): unavailable
16:49:59.111 [main] DEBUG io.netty.util.internal.PlatformDependent - sun.misc.Unsafe: available
16:49:59.113 [main] DEBUG io.netty.util.internal.PlatformDependent - maxDirectMemory: 507510784 bytes (maybe)
16:49:59.114 [main] DEBUG io.netty.util.internal.PlatformDependent - -Dio.netty.tmpdir: C:\Users\user\AppData\Local\Temp (java.io.tmpdir)
16:49:59.115 [main] DEBUG io.netty.util.internal.PlatformDependent - -Dio.netty.bitMode: 64 (sun.arch.data.model)
16:49:59.117 [main] DEBUG io.netty.util.internal.PlatformDependent - Platform: Windows
16:49:59.119 [main] DEBUG io.netty.util.internal.PlatformDependent - -Dio.netty.maxDirectMemory: -1 bytes
16:49:59.120 [main] DEBUG io.netty.util.internal.PlatformDependent - -Dio.netty.uninitializedArrayAllocationThreshold: -1
16:49:59.123 [main] DEBUG io.netty.util.internal.CleanerJava9 - java.nio.ByteBuffer.cleaner(): available
16:49:59.124 [main] DEBUG io.netty.util.internal.PlatformDependent - -Dio.netty.noPreferDirect: false
16:49:59.147 [main] DEBUG io.netty.util.internal.PlatformDependent - org.jctools-core.MpscChunkedArrayQueue: available
16:49:59.296 [main] DEBUG io.netty.util.internal.InternalThreadLocalMap - -Dio.netty.threadLocalMap.stringBuilder.initialSize: 1024
16:49:59.297 [main] DEBUG io.netty.util.internal.InternalThreadLocalMap - -Dio.netty.threadLocalMap.stringBuilder.maxSize: 4096
16:50:00.613 [main] DEBUG io.netty.handler.ssl.JdkSslContext - Default protocols (JDK): [TLSv1.3, TLSv1.2, TLSv1.1, TLSv1] 
16:50:00.614 [main] DEBUG io.netty.handler.ssl.JdkSslContext - Default cipher suites (JDK): [TLS_ECDHE_ECDSA_WITH_AES_256_GCM_SHA384, TLS_ECDHE_ECDSA_WITH_AES_128_GCM_SHA256, TLS_ECDHE_RSA_WITH_AES_128_GCM_SHA256, TLS_ECDHE_RSA_WITH_AES_256_GCM_SHA384, TLS_ECDHE_RSA_WITH_AES_128_CBC_SHA, TLS_ECDHE_RSA_WITH_AES_256_CBC_SHA, TLS_RSA_WITH_AES_128_GCM_SHA256, TLS_RSA_WITH_AES_128_CBC_SHA, TLS_RSA_WITH_AES_256_CBC_SHA, TLS_AES_128_GCM_SHA256, TLS_AES_256_GCM_SHA384]
16:50:00.654 [main] DEBUG io.netty.util.concurrent.GlobalEventExecutor - -Dio.netty.globalEventExecutor.quietPeriodSeconds: 1
16:50:00.696 [main] DEBUG io.netty.channel.MultithreadEventLoopGroup - -Dio.netty.eventLoopThreads: 8
16:50:00.748 [main] DEBUG io.netty.channel.nio.NioEventLoop - -Dio.netty.noKeySetOptimization: false
16:50:00.748 [main] DEBUG io.netty.channel.nio.NioEventLoop - -Dio.netty.selectorAutoRebuildThreshold: 512
16:50:00.902 [main] DEBUG io.netty.buffer.PooledByteBufAllocator - -Dio.netty.allocator.numHeapArenas: 8
16:50:00.903 [main] DEBUG io.netty.buffer.PooledByteBufAllocator - -Dio.netty.allocator.numDirectArenas: 8
16:50:00.903 [main] DEBUG io.netty.buffer.PooledByteBufAllocator - -Dio.netty.allocator.pageSize: 8192
16:50:00.903 [main] DEBUG io.netty.buffer.PooledByteBufAllocator - -Dio.netty.allocator.maxOrder: 9
16:50:00.903 [main] DEBUG io.netty.buffer.PooledByteBufAllocator - -Dio.netty.allocator.chunkSize: 4194304
16:50:00.903 [main] DEBUG io.netty.buffer.PooledByteBufAllocator - -Dio.netty.allocator.smallCacheSize: 256
16:50:00.904 [main] DEBUG io.netty.buffer.PooledByteBufAllocator - -Dio.netty.allocator.normalCacheSize: 64
16:50:00.904 [main] DEBUG io.netty.buffer.PooledByteBufAllocator - -Dio.netty.allocator.maxCachedBufferCapacity: 32768
16:50:00.904 [main] DEBUG io.netty.buffer.PooledByteBufAllocator - -Dio.netty.allocator.cacheTrimInterval: 8192
16:50:00.904 [main] DEBUG io.netty.buffer.PooledByteBufAllocator - -Dio.netty.allocator.cacheTrimIntervalMillis: 0
16:50:00.905 [main] DEBUG io.netty.buffer.PooledByteBufAllocator - -Dio.netty.allocator.useCacheForAllThreads: false
16:50:00.905 [main] DEBUG io.netty.buffer.PooledByteBufAllocator - -Dio.netty.allocator.maxCachedByteBuffersPerChunk: 1023
16:50:00.936 [main] DEBUG io.netty.buffer.ByteBufUtil - -Dio.netty.allocator.type: pooled
16:50:00.936 [main] DEBUG io.netty.buffer.ByteBufUtil - -Dio.netty.threadLocalDirectBufferSize: 0
16:50:00.936 [main] DEBUG io.netty.buffer.ByteBufUtil - -Dio.netty.maxThreadLocalCharBufferSize: 16384
16:50:03.011 [Forwarding newSession on session null to remote] DEBUG io.netty.channel.DefaultChannelId - -Dio.netty.processId: 3856 (auto-detected)
16:50:03.017 [Forwarding newSession on session null to remote] DEBUG io.netty.util.NetUtil - -Djava.net.preferIPv4Stack: false
16:50:03.018 [Forwarding newSession on session null to remote] DEBUG io.netty.util.NetUtil - -Djava.net.preferIPv6Addresses: false
16:50:03.044 [Forwarding newSession on session null to remote] DEBUG io.netty.util.NetUtilInitializations - Loopback interface: lo (Software Loopback Interface 1, 127.0.0.1)
16:50:03.047 [Forwarding newSession on session null to remote] DEBUG io.netty.util.NetUtil - Failed to get SOMAXCONN from sysctl and file \proc\sys\net\core\somaxconn. Default: 200
16:50:03.116 [Forwarding newSession on session null to remote] DEBUG io.netty.channel.DefaultChannelId - -Dio.netty.machineId: d0:53:49:ff:fe:89:a4:92 (auto-detected)
16:50:03.295 [AsyncHttpClient-1-2] DEBUG io.netty.buffer.AbstractByteBuf - -Dio.netty.buffer.checkAccessible: true
16:50:03.296 [AsyncHttpClient-1-2] DEBUG io.netty.buffer.AbstractByteBuf - -Dio.netty.buffer.checkBounds: true
16:50:03.296 [AsyncHttpClient-1-2] DEBUG io.netty.util.ResourceLeakDetectorFactory - Loaded default ResourceLeakDetector: io.netty.util.ResourceLeakDetector@19ce9024
16:50:03.381 [AsyncHttpClient-1-2] DEBUG io.netty.util.Recycler - -Dio.netty.recycler.maxCapacityPerThread: 4096
16:50:03.382 [AsyncHttpClient-1-2] DEBUG io.netty.util.Recycler - -Dio.netty.recycler.ratio: 8
16:50:03.382 [AsyncHttpClient-1-2] DEBUG io.netty.util.Recycler - -Dio.netty.recycler.chunkSize: 32
16:50:03.382 [AsyncHttpClient-1-2] DEBUG io.netty.util.Recycler - -Dio.netty.recycler.blocking: false
16:50:03.382 [AsyncHttpClient-1-2] DEBUG io.netty.util.Recycler - -Dio.netty.recycler.batchFastThreadLocalOnly: true
16:50:47.421 [AsyncHttpClient-1-2] DEBUG io.netty.handler.codec.compression.Brotli - brotli4j not in the classpath; Brotli support will be unavailable.
16:50:49.026 [main] DEBUG io.netty.util.internal.ThreadLocalRandom - -Dio.netty.initialSeedUniquifier: 0x7fc18aadd2ef84ce
16:50:58.221 [main] DEBUG testCases.TC_001_AccountRegistrationTest - application logs......
16:50:58.222 [main] INFO  testCases.TC_001_AccountRegistrationTest - *** starting TC_001_AccountRegistrationTest ***
16:51:01.618 [main] INFO  testCases.TC_001_AccountRegistrationTest - Clicked on My Account link
16:51:04.701 [main] INFO  testCases.TC_001_AccountRegistrationTest - Clicked on Register link
16:51:04.763 [main] INFO  testCases.TC_001_AccountRegistrationTest - Providing customer data
16:51:14.581 [main] INFO  testCases.TC_001_AccountRegistrationTest - Clicked on continue
16:51:14.743 [main] INFO  testCases.TC_001_AccountRegistrationTest - Validating expected message
16:51:14.773 [main] INFO  testCases.TC_001_AccountRegistrationTest - *** Finished TC_001_AccountRegistrationTest ***
16:58:49.284 [main] INFO  testCases.TC_001_AccountRegistrationTest - *** starting TC_001_AccountRegistrationTest ***
16:58:52.363 [main] INFO  testCases.TC_001_AccountRegistrationTest - Clicked on My Account link
16:59:07.302 [main] INFO  testCases.TC_001_AccountRegistrationTest - Clicked on Register link
16:59:07.492 [main] INFO  testCases.TC_001_AccountRegistrationTest - Providing customer data
16:59:18.415 [main] INFO  testCases.TC_001_AccountRegistrationTest - Clicked on continue
16:59:19.152 [main] INFO  testCases.TC_001_AccountRegistrationTest - Validating expected message
16:59:19.158 [main] INFO  testCases.TC_001_AccountRegistrationTest - *** Finished TC_001_AccountRegistrationTest ***
21:57:48.919 [main] INFO  testCases.TC_001_AccountRegistrationTest - *** starting TC_001_AccountRegistrationTest ***
21:57:50.004 [main] INFO  testCases.TC_001_AccountRegistrationTest - Clicked on My Account link
21:57:51.862 [main] INFO  testCases.TC_001_AccountRegistrationTest - Clicked on Register link
21:57:51.893 [main] INFO  testCases.TC_001_AccountRegistrationTest - Providing customer data
21:57:56.708 [main] INFO  testCases.TC_001_AccountRegistrationTest - Clicked on continue
21:57:56.920 [main] INFO  testCases.TC_001_AccountRegistrationTest - Validating expected message
21:57:56.925 [main] INFO  testCases.TC_001_AccountRegistrationTest - *** Finished TC_001_AccountRegistrationTest ***
22:04:33.077 [TestNG-tests-1] INFO  testCases.TC_001_AccountRegistrationTest - *** starting TC_001_AccountRegistrationTest ***
22:04:36.381 [TestNG-tests-1] INFO  testCases.TC_001_AccountRegistrationTest - Clicked on My Account link
22:04:44.365 [TestNG-tests-1] INFO  testCases.TC_001_AccountRegistrationTest - Clicked on Register link
22:04:44.485 [TestNG-tests-1] INFO  testCases.TC_001_AccountRegistrationTest - Providing customer data
22:04:52.095 [TestNG-tests-1] INFO  testCases.TC_001_AccountRegistrationTest - Clicked on continue
22:04:52.273 [TestNG-tests-1] INFO  testCases.TC_001_AccountRegistrationTest - Validating expected message
22:04:52.739 [TestNG-tests-1] INFO  testCases.TC_001_AccountRegistrationTest - *** Finished TC_001_AccountRegistrationTest ***
22:11:54.733 [TestNG-tests-1] INFO  testCases.TC_001_AccountRegistrationTest - *** starting TC_001_AccountRegistrationTest ***
22:11:58.059 [TestNG-tests-1] INFO  testCases.TC_001_AccountRegistrationTest - Clicked on My Account link
22:12:10.573 [TestNG-tests-1] INFO  testCases.TC_001_AccountRegistrationTest - Clicked on Register link
22:12:10.637 [TestNG-tests-1] INFO  testCases.TC_001_AccountRegistrationTest - Providing customer data
22:12:25.840 [TestNG-tests-1] INFO  testCases.TC_001_AccountRegistrationTest - Clicked on continue
22:12:25.959 [TestNG-tests-1] INFO  testCases.TC_001_AccountRegistrationTest - Validating expected message
22:12:25.964 [TestNG-tests-1] INFO  testCases.TC_001_AccountRegistrationTest - *** Finished TC_001_AccountRegistrationTest ***
13:27:58.794 [TestNG-tests-1] INFO  testCases.TC_001_AccountRegistrationTest - *** starting TC_001_AccountRegistrationTest ***
13:28:08.066 [TestNG-tests-1] INFO  testCases.TC_001_AccountRegistrationTest - Clicked on My Account link
13:28:16.128 [TestNG-tests-1] INFO  testCases.TC_001_AccountRegistrationTest - Clicked on Register link
13:28:16.814 [TestNG-tests-1] INFO  testCases.TC_001_AccountRegistrationTest - Providing customer data
13:28:32.235 [TestNG-tests-1] INFO  testCases.TC_001_AccountRegistrationTest - Clicked on continue
13:28:32.577 [TestNG-tests-1] INFO  testCases.TC_001_AccountRegistrationTest - Validating expected message
13:28:32.724 [TestNG-tests-1] INFO  testCases.TC_001_AccountRegistrationTest - *** Finished TC_001_AccountRegistrationTest ***
13:40:35.083 [main] INFO  testCases.TC_001_AccountRegistrationTest - *** starting TC_001_AccountRegistrationTest ***
13:40:38.543 [main] INFO  testCases.TC_001_AccountRegistrationTest - Clicked on My Account link
13:40:46.082 [main] INFO  testCases.TC_001_AccountRegistrationTest - Clicked on Register link
13:40:46.148 [main] INFO  testCases.TC_001_AccountRegistrationTest - Providing customer data
13:40:53.403 [main] INFO  testCases.TC_001_AccountRegistrationTest - Clicked on continue
13:40:53.584 [main] INFO  testCases.TC_001_AccountRegistrationTest - Validating expected message
13:40:53.604 [main] INFO  testCases.TC_001_AccountRegistrationTest - *** Finished TC_001_AccountRegistrationTest ***
16:45:09.408 [main] INFO  testCases.TC_001_AccountRegistrationTest - *** starting TC_001_AccountRegistrationTest ***
16:45:12.497 [main] INFO  testCases.TC_001_AccountRegistrationTest - Clicked on My Account link
16:45:20.828 [main] INFO  testCases.TC_001_AccountRegistrationTest - Clicked on Register link
16:45:20.948 [main] INFO  testCases.TC_001_AccountRegistrationTest - Providing customer data
16:45:25.855 [main] INFO  testCases.TC_001_AccountRegistrationTest - Clicked on continue
16:45:25.995 [main] INFO  testCases.TC_001_AccountRegistrationTest - Validating expected message
16:45:26.023 [main] INFO  testCases.TC_001_AccountRegistrationTest - *** Finished TC_001_AccountRegistrationTest ***
16:50:56.189 [main] INFO  testCases.TC_001_AccountRegistrationTest - *** starting TC_001_AccountRegistrationTest ***
16:50:58.670 [main] INFO  testCases.TC_001_AccountRegistrationTest - Clicked on My Account link
16:51:01.420 [main] INFO  testCases.TC_001_AccountRegistrationTest - Clicked on Register link
16:51:01.458 [main] INFO  testCases.TC_001_AccountRegistrationTest - Providing customer data
16:51:10.572 [main] INFO  testCases.TC_001_AccountRegistrationTest - Clicked on continue
16:51:20.846 [main] INFO  testCases.TC_001_AccountRegistrationTest - Validating expected message
01:13:21.099 [main] INFO  testCases.TC_002_LoginTest - Starting TC_002_LoginTest
01:13:30.118 [main] INFO  testCases.TC_002_LoginTest -  Finished TC_002_LoginTest
17:51:33.114 [main] INFO  testCases.TC_003_LoginDataDrivenTest -  Starting TC_003_LoginDataDrivenTest 
17:51:55.157 [main] INFO  testCases.TC_003_LoginDataDrivenTest -  Finished TC_003_LoginDataDrivenTest
17:51:55.809 [main] INFO  testCases.TC_003_LoginDataDrivenTest -  Starting TC_003_LoginDataDrivenTest 
17:52:09.100 [main] INFO  testCases.TC_003_LoginDataDrivenTest -  Finished TC_003_LoginDataDrivenTest
17:52:09.129 [main] INFO  testCases.TC_003_LoginDataDrivenTest -  Starting TC_003_LoginDataDrivenTest 
17:52:24.892 [main] INFO  testCases.TC_003_LoginDataDrivenTest -  Finished TC_003_LoginDataDrivenTest
17:52:24.969 [main] INFO  testCases.TC_003_LoginDataDrivenTest -  Starting TC_003_LoginDataDrivenTest 
17:52:36.951 [main] INFO  testCases.TC_003_LoginDataDrivenTest -  Finished TC_003_LoginDataDrivenTest
17:52:36.963 [main] INFO  testCases.TC_003_LoginDataDrivenTest -  Starting TC_003_LoginDataDrivenTest 
17:52:41.134 [main] INFO  testCases.TC_003_LoginDataDrivenTest -  Finished TC_003_LoginDataDrivenTest
13:55:41.858 [main] INFO  testCases.TC_001_AccountRegistrationTest - *** starting TC_001_AccountRegistrationTest ***
13:55:54.434 [main] INFO  testCases.TC_001_AccountRegistrationTest - Clicked on My Account link
13:56:00.582 [main] INFO  testCases.TC_001_AccountRegistrationTest - Clicked on Register link
13:56:00.621 [main] INFO  testCases.TC_001_AccountRegistrationTest - Providing customer data
13:56:18.365 [main] INFO  testCases.TC_001_AccountRegistrationTest - Clicked on continue
13:56:19.149 [main] INFO  testCases.TC_001_AccountRegistrationTest - Validating expected message
13:56:20.017 [main] INFO  testCases.TC_001_AccountRegistrationTest - *** Finished TC_001_AccountRegistrationTest ***
13:57:11.774 [main] INFO  testCases.TC_002_LoginTest - Starting TC_002_LoginTest
13:57:18.628 [main] INFO  testCases.TC_002_LoginTest -  Finished TC_002_LoginTest
14:11:19.399 [main] INFO  testCases.TC_002_LoginTest - Starting TC_002_LoginTest
14:11:34.538 [main] INFO  testCases.TC_002_LoginTest -  Finished TC_002_LoginTest
14:13:48.473 [main] INFO  testCases.TC_001_AccountRegistrationTest - *** starting TC_001_AccountRegistrationTest ***
14:13:50.140 [main] INFO  testCases.TC_001_AccountRegistrationTest - Clicked on My Account link
14:13:53.587 [main] INFO  testCases.TC_001_AccountRegistrationTest - Clicked on Register link
14:13:53.626 [main] INFO  testCases.TC_001_AccountRegistrationTest - Providing customer data
14:13:59.763 [main] INFO  testCases.TC_001_AccountRegistrationTest - Clicked on continue
14:13:59.944 [main] INFO  testCases.TC_001_AccountRegistrationTest - Validating expected message
14:13:59.949 [main] INFO  testCases.TC_001_AccountRegistrationTest - *** Finished TC_001_AccountRegistrationTest ***
14:18:48.849 [main] INFO  testCases.TC_001_AccountRegistrationTest - *** starting TC_001_AccountRegistrationTest ***
14:18:51.197 [main] INFO  testCases.TC_001_AccountRegistrationTest - Clicked on My Account link
14:18:55.647 [main] INFO  testCases.TC_001_AccountRegistrationTest - Clicked on Register link
14:18:55.809 [main] INFO  testCases.TC_001_AccountRegistrationTest - Providing customer data
14:19:04.765 [main] INFO  testCases.TC_001_AccountRegistrationTest - Clicked on continue
14:19:04.854 [main] INFO  testCases.TC_001_AccountRegistrationTest - Validating expected message
14:19:59.273 [main] INFO  testCases.TC_002_LoginTest - Starting TC_002_LoginTest
14:20:04.141 [main] INFO  testCases.TC_002_LoginTest -  Finished TC_002_LoginTest
14:23:04.467 [main] INFO  testCases.TC_001_AccountRegistrationTest - *** starting TC_001_AccountRegistrationTest ***
14:23:07.062 [main] INFO  testCases.TC_001_AccountRegistrationTest - Clicked on My Account link
14:23:11.575 [main] INFO  testCases.TC_001_AccountRegistrationTest - Clicked on Register link
14:23:11.612 [main] INFO  testCases.TC_001_AccountRegistrationTest - Providing customer data
14:23:20.584 [main] INFO  testCases.TC_001_AccountRegistrationTest - Clicked on continue
14:23:20.716 [main] INFO  testCases.TC_001_AccountRegistrationTest - Validating expected message
14:23:20.720 [main] INFO  testCases.TC_001_AccountRegistrationTest - *** Finished TC_001_AccountRegistrationTest ***
14:27:02.066 [main] INFO  testCases.TC_001_AccountRegistrationTest - *** starting TC_001_AccountRegistrationTest ***
14:27:05.074 [main] INFO  testCases.TC_001_AccountRegistrationTest - Clicked on My Account link
14:27:08.069 [main] INFO  testCases.TC_001_AccountRegistrationTest - Clicked on Register link
14:27:08.115 [main] INFO  testCases.TC_001_AccountRegistrationTest - Providing customer data
14:27:16.079 [main] INFO  testCases.TC_001_AccountRegistrationTest - Clicked on continue
14:27:16.189 [main] INFO  testCases.TC_001_AccountRegistrationTest - Validating expected message
14:27:16.194 [main] INFO  testCases.TC_001_AccountRegistrationTest - *** Finished TC_001_AccountRegistrationTest ***
14:27:55.606 [main] INFO  testCases.TC_002_LoginTest - Starting TC_002_LoginTest
14:31:54.483 [main] INFO  testCases.TC_001_AccountRegistrationTest - *** starting TC_001_AccountRegistrationTest ***
14:31:58.342 [main] INFO  testCases.TC_001_AccountRegistrationTest - Clicked on My Account link
14:32:07.214 [main] INFO  testCases.TC_001_AccountRegistrationTest - Clicked on Register link
14:32:07.245 [main] INFO  testCases.TC_001_AccountRegistrationTest - Providing customer data
14:32:17.566 [main] INFO  testCases.TC_001_AccountRegistrationTest - Clicked on continue
14:32:17.667 [main] INFO  testCases.TC_001_AccountRegistrationTest - Validating expected message
14:33:05.548 [main] INFO  testCases.TC_002_LoginTest - Starting TC_002_LoginTest
17:49:15.360 [main] INFO  testCases.TC_002_LoginTest - Starting TC_002_LoginTest
17:49:29.287 [main] INFO  testCases.TC_002_LoginTest -  Finished TC_002_LoginTest
17:53:56.442 [main] INFO  testCases.TC_001_AccountRegistrationTest - *** starting TC_001_AccountRegistrationTest ***
17:53:58.677 [main] INFO  testCases.TC_001_AccountRegistrationTest - Clicked on My Account link
17:54:02.594 [main] INFO  testCases.TC_001_AccountRegistrationTest - Clicked on Register link
17:54:06.458 [main] INFO  testCases.TC_001_AccountRegistrationTest - Providing customer data
17:54:11.452 [main] INFO  testCases.TC_001_AccountRegistrationTest - Clicked on continue
17:54:11.611 [main] INFO  testCases.TC_001_AccountRegistrationTest - Validating expected message
17:54:11.646 [main] INFO  testCases.TC_001_AccountRegistrationTest - *** Finished TC_001_AccountRegistrationTest ***
17:54:47.569 [main] INFO  testCases.TC_002_LoginTest - Starting TC_002_LoginTest
17:54:51.700 [main] INFO  testCases.TC_002_LoginTest -  Finished TC_002_LoginTest
17:07:29.927 [main] INFO  testCases.TC_001_AccountRegistrationTest - *** starting TC_001_AccountRegistrationTest ***
17:07:32.711 [main] INFO  testCases.TC_001_AccountRegistrationTest - Clicked on My Account link
17:07:37.048 [main] INFO  testCases.TC_001_AccountRegistrationTest - Clicked on Register link
17:07:37.249 [main] INFO  testCases.TC_001_AccountRegistrationTest - Providing customer data
17:07:51.889 [main] INFO  testCases.TC_001_AccountRegistrationTest - Clicked on continue
17:07:52.064 [main] INFO  testCases.TC_001_AccountRegistrationTest - Validating expected message
17:07:52.070 [main] INFO  testCases.TC_001_AccountRegistrationTest - *** Finished TC_001_AccountRegistrationTest ***
17:08:26.604 [main] INFO  testCases.TC_002_LoginTest - Starting TC_002_LoginTest
17:08:30.400 [main] INFO  testCases.TC_002_LoginTest -  Finished TC_002_LoginTest
17:18:12.881 [main] INFO  testCases.TC_002_LoginTest - Starting TC_002_LoginTest
17:18:26.258 [main] INFO  testCases.TC_002_LoginTest -  Finished TC_002_LoginTest
17:20:23.542 [main] INFO  testCases.TC_001_AccountRegistrationTest - *** starting TC_001_AccountRegistrationTest ***
17:20:26.047 [main] INFO  testCases.TC_001_AccountRegistrationTest - Clicked on My Account link
17:20:29.766 [main] INFO  testCases.TC_001_AccountRegistrationTest - Clicked on Register link
17:20:30.045 [main] INFO  testCases.TC_001_AccountRegistrationTest - Providing customer data
17:20:40.396 [main] INFO  testCases.TC_001_AccountRegistrationTest - Clicked on continue
17:20:40.681 [main] INFO  testCases.TC_001_AccountRegistrationTest - Validating expected message
17:20:40.698 [main] INFO  testCases.TC_001_AccountRegistrationTest - *** Finished TC_001_AccountRegistrationTest ***
17:21:10.399 [main] INFO  testCases.TC_002_LoginTest - Starting TC_002_LoginTest
17:21:14.449 [main] INFO  testCases.TC_002_LoginTest -  Finished TC_002_LoginTest
